{"C:\\Users\\Bernardo\\OneDrive\\Documentos\\BACKEND_PRONET\\Backend-Pronet\\src\\app.ts": {"path":"C:\\Users\\Bernardo\\OneDrive\\Documentos\\BACKEND_PRONET\\Backend-Pronet\\src\\app.ts","all":false,"statementMap":{"0":{"start":{"line":1,"column":0},"end":{"line":1,"column":38}},"1":{"start":{"line":2,"column":0},"end":{"line":2,"column":24}},"2":{"start":{"line":3,"column":0},"end":{"line":3,"column":67}},"3":{"start":{"line":4,"column":0},"end":{"line":4,"column":67}},"4":{"start":{"line":5,"column":0},"end":{"line":5,"column":0}},"5":{"start":{"line":6,"column":0},"end":{"line":6,"column":19}},"6":{"start":{"line":7,"column":0},"end":{"line":7,"column":42}},"7":{"start":{"line":8,"column":0},"end":{"line":8,"column":0}},"8":{"start":{"line":9,"column":0},"end":{"line":9,"column":16}},"9":{"start":{"line":10,"column":0},"end":{"line":10,"column":33}},"10":{"start":{"line":11,"column":0},"end":{"line":11,"column":23}},"11":{"start":{"line":12,"column":0},"end":{"line":12,"column":19}},"12":{"start":{"line":13,"column":0},"end":{"line":13,"column":3}},"13":{"start":{"line":14,"column":0},"end":{"line":14,"column":0}},"14":{"start":{"line":15,"column":0},"end":{"line":15,"column":24}},"15":{"start":{"line":16,"column":0},"end":{"line":16,"column":33}},"16":{"start":{"line":17,"column":0},"end":{"line":17,"column":33}},"17":{"start":{"line":18,"column":0},"end":{"line":18,"column":3}},"18":{"start":{"line":19,"column":0},"end":{"line":19,"column":0}},"19":{"start":{"line":20,"column":0},"end":{"line":20,"column":20}},"20":{"start":{"line":21,"column":0},"end":{"line":21,"column":54}},"21":{"start":{"line":22,"column":0},"end":{"line":22,"column":54}},"22":{"start":{"line":23,"column":0},"end":{"line":23,"column":3}},"23":{"start":{"line":24,"column":0},"end":{"line":24,"column":1}},"24":{"start":{"line":25,"column":0},"end":{"line":25,"column":0}},"25":{"start":{"line":26,"column":0},"end":{"line":26,"column":45}}},"s":{"0":1,"1":1,"2":1,"3":1,"4":1,"5":1,"6":1,"7":1,"8":1,"9":2,"10":2,"11":2,"12":2,"13":1,"14":1,"15":2,"16":2,"17":2,"18":1,"19":1,"20":2,"21":2,"22":2,"23":1,"24":1,"25":1},"branchMap":{"0":{"type":"branch","line":7,"loc":{"start":{"line":7,"column":9},"end":{"line":7,"column":20}},"locations":[{"start":{"line":7,"column":9},"end":{"line":7,"column":20}}]},"1":{"type":"branch","line":9,"loc":{"start":{"line":9,"column":2},"end":{"line":13,"column":3}},"locations":[{"start":{"line":9,"column":2},"end":{"line":13,"column":3}}]},"2":{"type":"branch","line":15,"loc":{"start":{"line":15,"column":10},"end":{"line":18,"column":3}},"locations":[{"start":{"line":15,"column":10},"end":{"line":18,"column":3}}]},"3":{"type":"branch","line":20,"loc":{"start":{"line":20,"column":10},"end":{"line":23,"column":3}},"locations":[{"start":{"line":20,"column":10},"end":{"line":23,"column":3}}]}},"b":{"0":[2],"1":[2],"2":[2],"3":[2]},"fnMap":{"0":{"name":"<instance_members_initializer>","decl":{"start":{"line":7,"column":9},"end":{"line":7,"column":20}},"loc":{"start":{"line":7,"column":9},"end":{"line":7,"column":20}},"line":7},"1":{"name":"Application","decl":{"start":{"line":9,"column":2},"end":{"line":13,"column":3}},"loc":{"start":{"line":9,"column":2},"end":{"line":13,"column":3}},"line":9},"2":{"name":"middlewares","decl":{"start":{"line":15,"column":10},"end":{"line":18,"column":3}},"loc":{"start":{"line":15,"column":10},"end":{"line":18,"column":3}},"line":15},"3":{"name":"routers","decl":{"start":{"line":20,"column":10},"end":{"line":23,"column":3}},"loc":{"start":{"line":20,"column":10},"end":{"line":23,"column":3}},"line":20}},"f":{"0":2,"1":2,"2":2,"3":2}}
,"C:\\Users\\Bernardo\\OneDrive\\Documentos\\BACKEND_PRONET\\Backend-Pronet\\src\\Controller\\contrato\\contrato.router.ts": {"path":"C:\\Users\\Bernardo\\OneDrive\\Documentos\\BACKEND_PRONET\\Backend-Pronet\\src\\Controller\\contrato\\contrato.router.ts","all":false,"statementMap":{"0":{"start":{"line":1,"column":0},"end":{"line":1,"column":33}},"1":{"start":{"line":2,"column":0},"end":{"line":2,"column":61}},"2":{"start":{"line":3,"column":0},"end":{"line":3,"column":79}},"3":{"start":{"line":4,"column":0},"end":{"line":4,"column":0}},"4":{"start":{"line":5,"column":0},"end":{"line":5,"column":21}},"5":{"start":{"line":6,"column":0},"end":{"line":6,"column":24}},"6":{"start":{"line":7,"column":0},"end":{"line":7,"column":0}},"7":{"start":{"line":8,"column":0},"end":{"line":8,"column":16}},"8":{"start":{"line":9,"column":0},"end":{"line":9,"column":25}},"9":{"start":{"line":10,"column":0},"end":{"line":10,"column":16}},"10":{"start":{"line":11,"column":0},"end":{"line":11,"column":1}},"11":{"start":{"line":12,"column":0},"end":{"line":12,"column":0}},"12":{"start":{"line":13,"column":0},"end":{"line":13,"column":24}},"13":{"start":{"line":14,"column":0},"end":{"line":14,"column":84}},"14":{"start":{"line":15,"column":0},"end":{"line":15,"column":1}},"15":{"start":{"line":16,"column":0},"end":{"line":16,"column":1}},"16":{"start":{"line":17,"column":0},"end":{"line":17,"column":0}},"17":{"start":{"line":18,"column":0},"end":{"line":18,"column":43}}},"s":{"0":1,"1":1,"2":1,"3":1,"4":1,"5":1,"6":1,"7":1,"8":2,"9":2,"10":2,"11":1,"12":1,"13":2,"14":2,"15":1,"16":1,"17":1},"branchMap":{"0":{"type":"branch","line":6,"loc":{"start":{"line":6,"column":9},"end":{"line":6,"column":15}},"locations":[{"start":{"line":6,"column":9},"end":{"line":6,"column":15}}]},"1":{"type":"branch","line":8,"loc":{"start":{"line":8,"column":2},"end":{"line":11,"column":1}},"locations":[{"start":{"line":8,"column":2},"end":{"line":11,"column":1}}]},"2":{"type":"branch","line":13,"loc":{"start":{"line":13,"column":8},"end":{"line":15,"column":1}},"locations":[{"start":{"line":13,"column":8},"end":{"line":15,"column":1}}]}},"b":{"0":[2],"1":[2],"2":[2]},"fnMap":{"0":{"name":"<instance_members_initializer>","decl":{"start":{"line":6,"column":9},"end":{"line":6,"column":15}},"loc":{"start":{"line":6,"column":9},"end":{"line":6,"column":15}},"line":6},"1":{"name":"ContratoRouter","decl":{"start":{"line":8,"column":2},"end":{"line":11,"column":1}},"loc":{"start":{"line":8,"column":2},"end":{"line":11,"column":1}},"line":8},"2":{"name":"routers","decl":{"start":{"line":13,"column":8},"end":{"line":15,"column":1}},"loc":{"start":{"line":13,"column":8},"end":{"line":15,"column":1}},"line":13}},"f":{"0":2,"1":2,"2":2}}
,"C:\\Users\\Bernardo\\OneDrive\\Documentos\\BACKEND_PRONET\\Backend-Pronet\\src\\Controller\\contrato\\create\\create-contrato.controller.ts": {"path":"C:\\Users\\Bernardo\\OneDrive\\Documentos\\BACKEND_PRONET\\Backend-Pronet\\src\\Controller\\contrato\\create\\create-contrato.controller.ts","all":false,"statementMap":{"0":{"start":{"line":1,"column":0},"end":{"line":1,"column":8}},"1":{"start":{"line":2,"column":0},"end":{"line":2,"column":13}},"2":{"start":{"line":3,"column":0},"end":{"line":3,"column":14}},"3":{"start":{"line":4,"column":0},"end":{"line":4,"column":15}},"4":{"start":{"line":5,"column":0},"end":{"line":5,"column":41}},"5":{"start":{"line":6,"column":0},"end":{"line":6,"column":55}},"6":{"start":{"line":7,"column":0},"end":{"line":7,"column":74}},"7":{"start":{"line":8,"column":0},"end":{"line":8,"column":0}},"8":{"start":{"line":9,"column":0},"end":{"line":9,"column":61}},"9":{"start":{"line":10,"column":0},"end":{"line":10,"column":65}},"10":{"start":{"line":11,"column":0},"end":{"line":11,"column":9}},"11":{"start":{"line":12,"column":0},"end":{"line":12,"column":35}},"12":{"start":{"line":13,"column":0},"end":{"line":13,"column":0}},"13":{"start":{"line":14,"column":0},"end":{"line":14,"column":64}},"14":{"start":{"line":15,"column":0},"end":{"line":15,"column":0}},"15":{"start":{"line":16,"column":0},"end":{"line":16,"column":74}},"16":{"start":{"line":17,"column":0},"end":{"line":17,"column":0}},"17":{"start":{"line":18,"column":0},"end":{"line":18,"column":22}},"18":{"start":{"line":19,"column":0},"end":{"line":19,"column":33}},"19":{"start":{"line":20,"column":0},"end":{"line":20,"column":52}},"20":{"start":{"line":21,"column":0},"end":{"line":21,"column":9}},"21":{"start":{"line":22,"column":0},"end":{"line":22,"column":26}},"22":{"start":{"line":23,"column":0},"end":{"line":23,"column":27}},"23":{"start":{"line":24,"column":0},"end":{"line":24,"column":56}},"24":{"start":{"line":25,"column":0},"end":{"line":25,"column":5}},"25":{"start":{"line":26,"column":0},"end":{"line":26,"column":3}},"26":{"start":{"line":27,"column":0},"end":{"line":27,"column":1}}},"s":{"0":1,"1":1,"2":1,"3":1,"4":1,"5":1,"6":1,"7":1,"8":1,"9":1,"10":3,"11":3,"12":3,"13":3,"14":3,"15":3,"16":2,"17":2,"18":2,"19":2,"20":2,"21":2,"22":1,"23":1,"24":1,"25":3,"26":1},"branchMap":{"0":{"type":"branch","line":10,"loc":{"start":{"line":10,"column":2},"end":{"line":26,"column":3}},"locations":[{"start":{"line":10,"column":2},"end":{"line":26,"column":3}}]},"1":{"type":"branch","line":16,"loc":{"start":{"line":16,"column":73},"end":{"line":25,"column":5}},"locations":[{"start":{"line":16,"column":73},"end":{"line":25,"column":5}}]},"2":{"type":"branch","line":22,"loc":{"start":{"line":22,"column":6},"end":{"line":25,"column":5}},"locations":[{"start":{"line":22,"column":6},"end":{"line":25,"column":5}}]}},"b":{"0":[3],"1":[2],"2":[1]},"fnMap":{"0":{"name":"handle","decl":{"start":{"line":10,"column":2},"end":{"line":26,"column":3}},"loc":{"start":{"line":10,"column":2},"end":{"line":26,"column":3}},"line":10}},"f":{"0":3}}
,"C:\\Users\\Bernardo\\OneDrive\\Documentos\\BACKEND_PRONET\\Backend-Pronet\\src\\Controller\\projetos\\projetos.router.ts": {"path":"C:\\Users\\Bernardo\\OneDrive\\Documentos\\BACKEND_PRONET\\Backend-Pronet\\src\\Controller\\projetos\\projetos.router.ts","all":false,"statementMap":{"0":{"start":{"line":1,"column":0},"end":{"line":1,"column":33}},"1":{"start":{"line":2,"column":0},"end":{"line":2,"column":61}},"2":{"start":{"line":3,"column":0},"end":{"line":3,"column":78}},"3":{"start":{"line":4,"column":0},"end":{"line":4,"column":0}},"4":{"start":{"line":5,"column":0},"end":{"line":5,"column":21}},"5":{"start":{"line":6,"column":0},"end":{"line":6,"column":24}},"6":{"start":{"line":7,"column":0},"end":{"line":7,"column":0}},"7":{"start":{"line":8,"column":0},"end":{"line":8,"column":16}},"8":{"start":{"line":9,"column":0},"end":{"line":9,"column":25}},"9":{"start":{"line":10,"column":0},"end":{"line":10,"column":16}},"10":{"start":{"line":11,"column":0},"end":{"line":11,"column":1}},"11":{"start":{"line":12,"column":0},"end":{"line":12,"column":0}},"12":{"start":{"line":13,"column":0},"end":{"line":13,"column":24}},"13":{"start":{"line":14,"column":0},"end":{"line":14,"column":83}},"14":{"start":{"line":15,"column":0},"end":{"line":15,"column":1}},"15":{"start":{"line":16,"column":0},"end":{"line":16,"column":1}},"16":{"start":{"line":17,"column":0},"end":{"line":17,"column":0}},"17":{"start":{"line":18,"column":0},"end":{"line":18,"column":43}}},"s":{"0":1,"1":1,"2":1,"3":1,"4":1,"5":1,"6":1,"7":1,"8":2,"9":2,"10":2,"11":1,"12":1,"13":2,"14":2,"15":1,"16":1,"17":1},"branchMap":{"0":{"type":"branch","line":6,"loc":{"start":{"line":6,"column":9},"end":{"line":6,"column":15}},"locations":[{"start":{"line":6,"column":9},"end":{"line":6,"column":15}}]},"1":{"type":"branch","line":8,"loc":{"start":{"line":8,"column":2},"end":{"line":11,"column":1}},"locations":[{"start":{"line":8,"column":2},"end":{"line":11,"column":1}}]},"2":{"type":"branch","line":13,"loc":{"start":{"line":13,"column":8},"end":{"line":15,"column":1}},"locations":[{"start":{"line":13,"column":8},"end":{"line":15,"column":1}}]}},"b":{"0":[2],"1":[2],"2":[2]},"fnMap":{"0":{"name":"<instance_members_initializer>","decl":{"start":{"line":6,"column":9},"end":{"line":6,"column":15}},"loc":{"start":{"line":6,"column":9},"end":{"line":6,"column":15}},"line":6},"1":{"name":"ContratoRouter","decl":{"start":{"line":8,"column":2},"end":{"line":11,"column":1}},"loc":{"start":{"line":8,"column":2},"end":{"line":11,"column":1}},"line":8},"2":{"name":"routers","decl":{"start":{"line":13,"column":8},"end":{"line":15,"column":1}},"loc":{"start":{"line":13,"column":8},"end":{"line":15,"column":1}},"line":13}},"f":{"0":2,"1":2,"2":2}}
,"C:\\Users\\Bernardo\\OneDrive\\Documentos\\BACKEND_PRONET\\Backend-Pronet\\src\\Controller\\projetos\\create\\create-projetos.controller.ts": {"path":"C:\\Users\\Bernardo\\OneDrive\\Documentos\\BACKEND_PRONET\\Backend-Pronet\\src\\Controller\\projetos\\create\\create-projetos.controller.ts","all":false,"statementMap":{"0":{"start":{"line":1,"column":0},"end":{"line":1,"column":8}},"1":{"start":{"line":2,"column":0},"end":{"line":2,"column":13}},"2":{"start":{"line":3,"column":0},"end":{"line":3,"column":14}},"3":{"start":{"line":4,"column":0},"end":{"line":4,"column":15}},"4":{"start":{"line":5,"column":0},"end":{"line":5,"column":41}},"5":{"start":{"line":6,"column":0},"end":{"line":6,"column":55}},"6":{"start":{"line":7,"column":0},"end":{"line":7,"column":73}},"7":{"start":{"line":8,"column":0},"end":{"line":8,"column":0}},"8":{"start":{"line":9,"column":0},"end":{"line":9,"column":60}},"9":{"start":{"line":10,"column":0},"end":{"line":10,"column":65}},"10":{"start":{"line":11,"column":0},"end":{"line":11,"column":9}},"11":{"start":{"line":12,"column":0},"end":{"line":12,"column":35}},"12":{"start":{"line":13,"column":0},"end":{"line":13,"column":0}},"13":{"start":{"line":14,"column":0},"end":{"line":14,"column":62}},"14":{"start":{"line":15,"column":0},"end":{"line":15,"column":0}},"15":{"start":{"line":16,"column":0},"end":{"line":16,"column":72}},"16":{"start":{"line":17,"column":0},"end":{"line":17,"column":0}},"17":{"start":{"line":18,"column":0},"end":{"line":18,"column":22}},"18":{"start":{"line":19,"column":0},"end":{"line":19,"column":32}},"19":{"start":{"line":20,"column":0},"end":{"line":20,"column":51}},"20":{"start":{"line":21,"column":0},"end":{"line":21,"column":9}},"21":{"start":{"line":22,"column":0},"end":{"line":22,"column":26}},"22":{"start":{"line":23,"column":0},"end":{"line":23,"column":27}},"23":{"start":{"line":24,"column":0},"end":{"line":24,"column":56}},"24":{"start":{"line":25,"column":0},"end":{"line":25,"column":5}},"25":{"start":{"line":26,"column":0},"end":{"line":26,"column":3}},"26":{"start":{"line":27,"column":0},"end":{"line":27,"column":1}}},"s":{"0":1,"1":1,"2":1,"3":1,"4":1,"5":1,"6":1,"7":1,"8":1,"9":1,"10":3,"11":3,"12":3,"13":3,"14":3,"15":3,"16":3,"17":3,"18":3,"19":3,"20":3,"21":3,"22":0,"23":0,"24":0,"25":3,"26":1},"branchMap":{"0":{"type":"branch","line":10,"loc":{"start":{"line":10,"column":2},"end":{"line":26,"column":3}},"locations":[{"start":{"line":10,"column":2},"end":{"line":26,"column":3}}]},"1":{"type":"branch","line":22,"loc":{"start":{"line":22,"column":6},"end":{"line":25,"column":5}},"locations":[{"start":{"line":22,"column":6},"end":{"line":25,"column":5}}]}},"b":{"0":[3],"1":[0]},"fnMap":{"0":{"name":"handle","decl":{"start":{"line":10,"column":2},"end":{"line":26,"column":3}},"loc":{"start":{"line":10,"column":2},"end":{"line":26,"column":3}},"line":10}},"f":{"0":3}}
,"C:\\Users\\Bernardo\\OneDrive\\Documentos\\BACKEND_PRONET\\Backend-Pronet\\src\\Service\\contrato.service.ts": {"path":"C:\\Users\\Bernardo\\OneDrive\\Documentos\\BACKEND_PRONET\\Backend-Pronet\\src\\Service\\contrato.service.ts","all":false,"statementMap":{"0":{"start":{"line":1,"column":0},"end":{"line":1,"column":58}},"1":{"start":{"line":2,"column":0},"end":{"line":2,"column":0}},"2":{"start":{"line":3,"column":0},"end":{"line":3,"column":29}},"3":{"start":{"line":4,"column":0},"end":{"line":4,"column":28}},"4":{"start":{"line":5,"column":0},"end":{"line":5,"column":22}},"5":{"start":{"line":6,"column":0},"end":{"line":6,"column":22}},"6":{"start":{"line":7,"column":0},"end":{"line":7,"column":19}},"7":{"start":{"line":8,"column":0},"end":{"line":8,"column":28}},"8":{"start":{"line":9,"column":0},"end":{"line":9,"column":1}},"9":{"start":{"line":10,"column":0},"end":{"line":10,"column":0}},"10":{"start":{"line":11,"column":0},"end":{"line":11,"column":36}},"11":{"start":{"line":12,"column":0},"end":{"line":12,"column":41}},"12":{"start":{"line":13,"column":0},"end":{"line":13,"column":34}},"13":{"start":{"line":14,"column":0},"end":{"line":14,"column":66}},"14":{"start":{"line":15,"column":0},"end":{"line":15,"column":5}},"15":{"start":{"line":16,"column":0},"end":{"line":16,"column":28}},"16":{"start":{"line":17,"column":0},"end":{"line":17,"column":74}},"17":{"start":{"line":18,"column":0},"end":{"line":18,"column":5}},"18":{"start":{"line":19,"column":0},"end":{"line":19,"column":28}},"19":{"start":{"line":20,"column":0},"end":{"line":20,"column":69}},"20":{"start":{"line":21,"column":0},"end":{"line":21,"column":5}},"21":{"start":{"line":22,"column":0},"end":{"line":22,"column":25}},"22":{"start":{"line":23,"column":0},"end":{"line":23,"column":70}},"23":{"start":{"line":24,"column":0},"end":{"line":24,"column":5}},"24":{"start":{"line":25,"column":0},"end":{"line":25,"column":0}},"25":{"start":{"line":26,"column":0},"end":{"line":26,"column":50}},"26":{"start":{"line":27,"column":0},"end":{"line":27,"column":44}},"27":{"start":{"line":28,"column":0},"end":{"line":28,"column":0}},"28":{"start":{"line":29,"column":0},"end":{"line":29,"column":38}},"29":{"start":{"line":30,"column":0},"end":{"line":30,"column":53}},"30":{"start":{"line":31,"column":0},"end":{"line":31,"column":5}},"31":{"start":{"line":32,"column":0},"end":{"line":32,"column":0}},"32":{"start":{"line":33,"column":0},"end":{"line":33,"column":35}},"33":{"start":{"line":34,"column":0},"end":{"line":34,"column":49}},"34":{"start":{"line":35,"column":0},"end":{"line":35,"column":5}},"35":{"start":{"line":36,"column":0},"end":{"line":36,"column":0}},"36":{"start":{"line":37,"column":0},"end":{"line":37,"column":32}},"37":{"start":{"line":38,"column":0},"end":{"line":38,"column":22}},"38":{"start":{"line":39,"column":0},"end":{"line":39,"column":89}},"39":{"start":{"line":40,"column":0},"end":{"line":40,"column":8}},"40":{"start":{"line":41,"column":0},"end":{"line":41,"column":5}},"41":{"start":{"line":42,"column":0},"end":{"line":42,"column":0}},"42":{"start":{"line":43,"column":0},"end":{"line":43,"column":64}},"43":{"start":{"line":44,"column":0},"end":{"line":44,"column":14}},"44":{"start":{"line":45,"column":0},"end":{"line":45,"column":30}},"45":{"start":{"line":46,"column":0},"end":{"line":46,"column":24}},"46":{"start":{"line":47,"column":0},"end":{"line":47,"column":7}},"47":{"start":{"line":48,"column":0},"end":{"line":48,"column":0}},"48":{"start":{"line":49,"column":0},"end":{"line":49,"column":30}},"49":{"start":{"line":50,"column":0},"end":{"line":50,"column":3}},"50":{"start":{"line":51,"column":0},"end":{"line":51,"column":1}}},"s":{"0":1,"1":1,"2":1,"3":1,"4":1,"5":1,"6":1,"7":1,"8":1,"9":1,"10":1,"11":1,"12":3,"13":1,"14":1,"15":3,"16":0,"17":0,"18":3,"19":0,"20":0,"21":3,"22":0,"23":0,"24":2,"25":2,"26":2,"27":2,"28":3,"29":0,"30":0,"31":2,"32":3,"33":0,"34":0,"35":2,"36":3,"37":0,"38":0,"39":0,"40":0,"41":2,"42":2,"43":2,"44":2,"45":2,"46":2,"47":2,"48":2,"49":2,"50":1},"branchMap":{"0":{"type":"branch","line":12,"loc":{"start":{"line":12,"column":2},"end":{"line":50,"column":3}},"locations":[{"start":{"line":12,"column":2},"end":{"line":50,"column":3}}]},"1":{"type":"branch","line":13,"loc":{"start":{"line":13,"column":33},"end":{"line":16,"column":27}},"locations":[{"start":{"line":13,"column":33},"end":{"line":16,"column":27}}]},"2":{"type":"branch","line":13,"loc":{"start":{"line":13,"column":33},"end":{"line":15,"column":5}},"locations":[{"start":{"line":13,"column":33},"end":{"line":15,"column":5}}]},"3":{"type":"branch","line":16,"loc":{"start":{"line":16,"column":27},"end":{"line":18,"column":5}},"locations":[{"start":{"line":16,"column":27},"end":{"line":18,"column":5}}]},"4":{"type":"branch","line":18,"loc":{"start":{"line":18,"column":4},"end":{"line":19,"column":27}},"locations":[{"start":{"line":18,"column":4},"end":{"line":19,"column":27}}]},"5":{"type":"branch","line":19,"loc":{"start":{"line":19,"column":27},"end":{"line":21,"column":5}},"locations":[{"start":{"line":19,"column":27},"end":{"line":21,"column":5}}]},"6":{"type":"branch","line":21,"loc":{"start":{"line":21,"column":4},"end":{"line":22,"column":24}},"locations":[{"start":{"line":21,"column":4},"end":{"line":22,"column":24}}]},"7":{"type":"branch","line":22,"loc":{"start":{"line":22,"column":24},"end":{"line":24,"column":5}},"locations":[{"start":{"line":22,"column":24},"end":{"line":24,"column":5}}]},"8":{"type":"branch","line":24,"loc":{"start":{"line":24,"column":4},"end":{"line":29,"column":37}},"locations":[{"start":{"line":24,"column":4},"end":{"line":29,"column":37}}]},"9":{"type":"branch","line":29,"loc":{"start":{"line":29,"column":37},"end":{"line":31,"column":5}},"locations":[{"start":{"line":29,"column":37},"end":{"line":31,"column":5}}]},"10":{"type":"branch","line":31,"loc":{"start":{"line":31,"column":4},"end":{"line":33,"column":34}},"locations":[{"start":{"line":31,"column":4},"end":{"line":33,"column":34}}]},"11":{"type":"branch","line":33,"loc":{"start":{"line":33,"column":34},"end":{"line":35,"column":5}},"locations":[{"start":{"line":33,"column":34},"end":{"line":35,"column":5}}]},"12":{"type":"branch","line":35,"loc":{"start":{"line":35,"column":4},"end":{"line":37,"column":31}},"locations":[{"start":{"line":35,"column":4},"end":{"line":37,"column":31}}]},"13":{"type":"branch","line":37,"loc":{"start":{"line":37,"column":31},"end":{"line":41,"column":5}},"locations":[{"start":{"line":37,"column":31},"end":{"line":41,"column":5}}]},"14":{"type":"branch","line":41,"loc":{"start":{"line":41,"column":4},"end":{"line":50,"column":3}},"locations":[{"start":{"line":41,"column":4},"end":{"line":50,"column":3}}]}},"b":{"0":[3],"1":[2],"2":[1],"3":[0],"4":[2],"5":[0],"6":[2],"7":[0],"8":[2],"9":[0],"10":[2],"11":[0],"12":[2],"13":[0],"14":[2]},"fnMap":{"0":{"name":"create","decl":{"start":{"line":12,"column":2},"end":{"line":50,"column":3}},"loc":{"start":{"line":12,"column":2},"end":{"line":50,"column":3}},"line":12}},"f":{"0":3}}
,"C:\\Users\\Bernardo\\OneDrive\\Documentos\\BACKEND_PRONET\\Backend-Pronet\\src\\Service\\projetos.service.ts": {"path":"C:\\Users\\Bernardo\\OneDrive\\Documentos\\BACKEND_PRONET\\Backend-Pronet\\src\\Service\\projetos.service.ts","all":false,"statementMap":{"0":{"start":{"line":1,"column":0},"end":{"line":1,"column":57}},"1":{"start":{"line":2,"column":0},"end":{"line":2,"column":0}},"2":{"start":{"line":3,"column":0},"end":{"line":3,"column":28}},"3":{"start":{"line":4,"column":0},"end":{"line":4,"column":15}},"4":{"start":{"line":5,"column":0},"end":{"line":5,"column":32}},"5":{"start":{"line":6,"column":0},"end":{"line":6,"column":29}},"6":{"start":{"line":7,"column":0},"end":{"line":7,"column":17}},"7":{"start":{"line":8,"column":0},"end":{"line":8,"column":24}},"8":{"start":{"line":9,"column":0},"end":{"line":9,"column":14}},"9":{"start":{"line":10,"column":0},"end":{"line":10,"column":27}},"10":{"start":{"line":11,"column":0},"end":{"line":11,"column":24}},"11":{"start":{"line":12,"column":0},"end":{"line":12,"column":1}},"12":{"start":{"line":13,"column":0},"end":{"line":13,"column":0}},"13":{"start":{"line":14,"column":0},"end":{"line":14,"column":35}},"14":{"start":{"line":15,"column":0},"end":{"line":15,"column":40}},"15":{"start":{"line":16,"column":0},"end":{"line":16,"column":21}},"16":{"start":{"line":17,"column":0},"end":{"line":17,"column":66}},"17":{"start":{"line":18,"column":0},"end":{"line":18,"column":5}},"18":{"start":{"line":19,"column":0},"end":{"line":19,"column":0}},"19":{"start":{"line":20,"column":0},"end":{"line":20,"column":38}},"20":{"start":{"line":21,"column":0},"end":{"line":21,"column":80}},"21":{"start":{"line":22,"column":0},"end":{"line":22,"column":5}},"22":{"start":{"line":23,"column":0},"end":{"line":23,"column":35}},"23":{"start":{"line":24,"column":0},"end":{"line":24,"column":22}},"24":{"start":{"line":25,"column":0},"end":{"line":25,"column":67}},"25":{"start":{"line":26,"column":0},"end":{"line":26,"column":8}},"26":{"start":{"line":27,"column":0},"end":{"line":27,"column":5}},"27":{"start":{"line":28,"column":0},"end":{"line":28,"column":0}},"28":{"start":{"line":29,"column":0},"end":{"line":29,"column":69}},"29":{"start":{"line":30,"column":0},"end":{"line":30,"column":63}},"30":{"start":{"line":31,"column":0},"end":{"line":31,"column":48}},"31":{"start":{"line":32,"column":0},"end":{"line":32,"column":39}},"32":{"start":{"line":33,"column":0},"end":{"line":33,"column":13}},"33":{"start":{"line":34,"column":0},"end":{"line":34,"column":42}},"34":{"start":{"line":35,"column":0},"end":{"line":35,"column":36}},"35":{"start":{"line":36,"column":0},"end":{"line":36,"column":13}},"36":{"start":{"line":37,"column":0},"end":{"line":37,"column":0}},"37":{"start":{"line":38,"column":0},"end":{"line":38,"column":47}},"38":{"start":{"line":39,"column":0},"end":{"line":39,"column":55}},"39":{"start":{"line":40,"column":0},"end":{"line":40,"column":5}},"40":{"start":{"line":41,"column":0},"end":{"line":41,"column":0}},"41":{"start":{"line":42,"column":0},"end":{"line":42,"column":44}},"42":{"start":{"line":43,"column":0},"end":{"line":43,"column":55}},"43":{"start":{"line":44,"column":0},"end":{"line":44,"column":5}},"44":{"start":{"line":45,"column":0},"end":{"line":45,"column":0}},"45":{"start":{"line":46,"column":0},"end":{"line":46,"column":60}},"46":{"start":{"line":47,"column":0},"end":{"line":47,"column":55}},"47":{"start":{"line":48,"column":0},"end":{"line":48,"column":5}},"48":{"start":{"line":49,"column":0},"end":{"line":49,"column":0}},"49":{"start":{"line":50,"column":0},"end":{"line":50,"column":54}},"50":{"start":{"line":51,"column":0},"end":{"line":51,"column":55}},"51":{"start":{"line":52,"column":0},"end":{"line":52,"column":5}},"52":{"start":{"line":53,"column":0},"end":{"line":53,"column":0}},"53":{"start":{"line":54,"column":0},"end":{"line":54,"column":23}},"54":{"start":{"line":55,"column":0},"end":{"line":55,"column":68}},"55":{"start":{"line":56,"column":0},"end":{"line":56,"column":5}},"56":{"start":{"line":57,"column":0},"end":{"line":57,"column":0}},"57":{"start":{"line":58,"column":0},"end":{"line":58,"column":30}},"58":{"start":{"line":59,"column":0},"end":{"line":59,"column":67}},"59":{"start":{"line":60,"column":0},"end":{"line":60,"column":5}},"60":{"start":{"line":61,"column":0},"end":{"line":61,"column":0}},"61":{"start":{"line":62,"column":0},"end":{"line":62,"column":20}},"62":{"start":{"line":63,"column":0},"end":{"line":63,"column":80}},"63":{"start":{"line":64,"column":0},"end":{"line":64,"column":5}},"64":{"start":{"line":65,"column":0},"end":{"line":65,"column":0}},"65":{"start":{"line":66,"column":0},"end":{"line":66,"column":33}},"66":{"start":{"line":67,"column":0},"end":{"line":67,"column":72}},"67":{"start":{"line":68,"column":0},"end":{"line":68,"column":5}},"68":{"start":{"line":69,"column":0},"end":{"line":69,"column":0}},"69":{"start":{"line":70,"column":0},"end":{"line":70,"column":62}},"70":{"start":{"line":71,"column":0},"end":{"line":71,"column":14}},"71":{"start":{"line":72,"column":0},"end":{"line":72,"column":49}},"72":{"start":{"line":73,"column":0},"end":{"line":73,"column":43}},"73":{"start":{"line":74,"column":0},"end":{"line":74,"column":39}},"74":{"start":{"line":75,"column":0},"end":{"line":75,"column":33}},"75":{"start":{"line":76,"column":0},"end":{"line":76,"column":7}},"76":{"start":{"line":77,"column":0},"end":{"line":77,"column":0}},"77":{"start":{"line":78,"column":0},"end":{"line":78,"column":29}},"78":{"start":{"line":79,"column":0},"end":{"line":79,"column":3}},"79":{"start":{"line":80,"column":0},"end":{"line":80,"column":1}}},"s":{"0":1,"1":1,"2":1,"3":1,"4":1,"5":1,"6":1,"7":1,"8":1,"9":1,"10":1,"11":1,"12":1,"13":1,"14":1,"15":3,"16":0,"17":0,"18":3,"19":3,"20":0,"21":0,"22":3,"23":0,"24":0,"25":0,"26":0,"27":3,"28":3,"29":3,"30":3,"31":1,"32":3,"33":3,"34":1,"35":3,"36":3,"37":3,"38":0,"39":0,"40":3,"41":3,"42":0,"43":0,"44":3,"45":3,"46":0,"47":0,"48":3,"49":3,"50":0,"51":0,"52":3,"53":3,"54":0,"55":0,"56":3,"57":3,"58":0,"59":0,"60":3,"61":3,"62":0,"63":0,"64":3,"65":3,"66":0,"67":0,"68":3,"69":3,"70":3,"71":3,"72":3,"73":3,"74":3,"75":3,"76":3,"77":3,"78":3,"79":1},"branchMap":{"0":{"type":"branch","line":15,"loc":{"start":{"line":15,"column":2},"end":{"line":79,"column":3}},"locations":[{"start":{"line":15,"column":2},"end":{"line":79,"column":3}}]},"1":{"type":"branch","line":16,"loc":{"start":{"line":16,"column":20},"end":{"line":18,"column":5}},"locations":[{"start":{"line":16,"column":20},"end":{"line":18,"column":5}}]},"2":{"type":"branch","line":20,"loc":{"start":{"line":20,"column":37},"end":{"line":22,"column":5}},"locations":[{"start":{"line":20,"column":37},"end":{"line":22,"column":5}}]},"3":{"type":"branch","line":23,"loc":{"start":{"line":23,"column":34},"end":{"line":27,"column":5}},"locations":[{"start":{"line":23,"column":34},"end":{"line":27,"column":5}}]},"4":{"type":"branch","line":32,"loc":{"start":{"line":32,"column":-2},"end":{"line":32,"column":39}},"locations":[{"start":{"line":32,"column":-2},"end":{"line":32,"column":39}}]},"5":{"type":"branch","line":33,"loc":{"start":{"line":33,"column":-2},"end":{"line":33,"column":12}},"locations":[{"start":{"line":33,"column":-2},"end":{"line":33,"column":12}}]},"6":{"type":"branch","line":35,"loc":{"start":{"line":35,"column":-2},"end":{"line":35,"column":36}},"locations":[{"start":{"line":35,"column":-2},"end":{"line":35,"column":36}}]},"7":{"type":"branch","line":36,"loc":{"start":{"line":36,"column":-2},"end":{"line":36,"column":12}},"locations":[{"start":{"line":36,"column":-2},"end":{"line":36,"column":12}}]},"8":{"type":"branch","line":38,"loc":{"start":{"line":38,"column":46},"end":{"line":40,"column":5}},"locations":[{"start":{"line":38,"column":46},"end":{"line":40,"column":5}}]},"9":{"type":"branch","line":42,"loc":{"start":{"line":42,"column":43},"end":{"line":44,"column":5}},"locations":[{"start":{"line":42,"column":43},"end":{"line":44,"column":5}}]},"10":{"type":"branch","line":46,"loc":{"start":{"line":46,"column":22},"end":{"line":46,"column":57}},"locations":[{"start":{"line":46,"column":22},"end":{"line":46,"column":57}}]},"11":{"type":"branch","line":46,"loc":{"start":{"line":46,"column":59},"end":{"line":48,"column":5}},"locations":[{"start":{"line":46,"column":59},"end":{"line":48,"column":5}}]},"12":{"type":"branch","line":50,"loc":{"start":{"line":50,"column":19},"end":{"line":50,"column":51}},"locations":[{"start":{"line":50,"column":19},"end":{"line":50,"column":51}}]},"13":{"type":"branch","line":50,"loc":{"start":{"line":50,"column":53},"end":{"line":52,"column":5}},"locations":[{"start":{"line":50,"column":53},"end":{"line":52,"column":5}}]},"14":{"type":"branch","line":54,"loc":{"start":{"line":54,"column":22},"end":{"line":56,"column":5}},"locations":[{"start":{"line":54,"column":22},"end":{"line":56,"column":5}}]},"15":{"type":"branch","line":58,"loc":{"start":{"line":58,"column":29},"end":{"line":60,"column":5}},"locations":[{"start":{"line":58,"column":29},"end":{"line":60,"column":5}}]},"16":{"type":"branch","line":62,"loc":{"start":{"line":62,"column":19},"end":{"line":64,"column":5}},"locations":[{"start":{"line":62,"column":19},"end":{"line":64,"column":5}}]},"17":{"type":"branch","line":66,"loc":{"start":{"line":66,"column":32},"end":{"line":68,"column":5}},"locations":[{"start":{"line":66,"column":32},"end":{"line":68,"column":5}}]}},"b":{"0":[3],"1":[0],"2":[0],"3":[0],"4":[1],"5":[2],"6":[1],"7":[2],"8":[0],"9":[0],"10":[1],"11":[0],"12":[1],"13":[0],"14":[0],"15":[0],"16":[0],"17":[0]},"fnMap":{"0":{"name":"create","decl":{"start":{"line":15,"column":2},"end":{"line":79,"column":3}},"loc":{"start":{"line":15,"column":2},"end":{"line":79,"column":3}},"line":15}},"f":{"0":3}}
,"C:\\Users\\Bernardo\\OneDrive\\Documentos\\BACKEND_PRONET\\Backend-Pronet\\src\\adapter\\router.adapter.ts": {"path":"C:\\Users\\Bernardo\\OneDrive\\Documentos\\BACKEND_PRONET\\Backend-Pronet\\src\\adapter\\router.adapter.ts","all":false,"statementMap":{"0":{"start":{"line":1,"column":0},"end":{"line":1,"column":8}},"1":{"start":{"line":2,"column":0},"end":{"line":2,"column":13}},"2":{"start":{"line":3,"column":0},"end":{"line":3,"column":14}},"3":{"start":{"line":4,"column":0},"end":{"line":4,"column":15}},"4":{"start":{"line":5,"column":0},"end":{"line":5,"column":35}},"5":{"start":{"line":6,"column":0},"end":{"line":6,"column":44}},"6":{"start":{"line":7,"column":0},"end":{"line":7,"column":0}},"7":{"start":{"line":8,"column":0},"end":{"line":8,"column":58}},"8":{"start":{"line":9,"column":0},"end":{"line":9,"column":45}},"9":{"start":{"line":10,"column":0},"end":{"line":10,"column":38}},"10":{"start":{"line":11,"column":0},"end":{"line":11,"column":21}},"11":{"start":{"line":12,"column":0},"end":{"line":12,"column":25}},"12":{"start":{"line":13,"column":0},"end":{"line":13,"column":23}},"13":{"start":{"line":14,"column":0},"end":{"line":14,"column":27}},"14":{"start":{"line":15,"column":0},"end":{"line":15,"column":25}},"15":{"start":{"line":16,"column":0},"end":{"line":16,"column":6}},"16":{"start":{"line":17,"column":0},"end":{"line":17,"column":0}},"17":{"start":{"line":18,"column":0},"end":{"line":18,"column":76}},"18":{"start":{"line":19,"column":0},"end":{"line":19,"column":64}},"19":{"start":{"line":20,"column":0},"end":{"line":20,"column":4}},"20":{"start":{"line":21,"column":0},"end":{"line":21,"column":2}}},"s":{"0":1,"1":1,"2":1,"3":1,"4":1,"5":1,"6":1,"7":1,"8":4,"9":2,"10":2,"11":2,"12":2,"13":2,"14":2,"15":2,"16":2,"17":2,"18":2,"19":4,"20":4},"branchMap":{"0":{"type":"branch","line":8,"loc":{"start":{"line":8,"column":30},"end":{"line":21,"column":2}},"locations":[{"start":{"line":8,"column":30},"end":{"line":21,"column":2}}]},"1":{"type":"branch","line":9,"loc":{"start":{"line":9,"column":9},"end":{"line":20,"column":3}},"locations":[{"start":{"line":9,"column":9},"end":{"line":20,"column":3}}]}},"b":{"0":[4],"1":[2]},"fnMap":{"0":{"name":"adapterRouter","decl":{"start":{"line":8,"column":30},"end":{"line":21,"column":2}},"loc":{"start":{"line":8,"column":30},"end":{"line":21,"column":2}},"line":8}},"f":{"0":4}}
,"C:\\Users\\Bernardo\\OneDrive\\Documentos\\BACKEND_PRONET\\Backend-Pronet\\src\\helpers\\bad-request.helper.ts": {"path":"C:\\Users\\Bernardo\\OneDrive\\Documentos\\BACKEND_PRONET\\Backend-Pronet\\src\\helpers\\bad-request.helper.ts","all":false,"statementMap":{"0":{"start":{"line":1,"column":0},"end":{"line":1,"column":57}},"1":{"start":{"line":2,"column":0},"end":{"line":2,"column":0}},"2":{"start":{"line":3,"column":0},"end":{"line":3,"column":62}},"3":{"start":{"line":4,"column":0},"end":{"line":4,"column":10}},"4":{"start":{"line":5,"column":0},"end":{"line":5,"column":20}},"5":{"start":{"line":6,"column":0},"end":{"line":6,"column":11}},"6":{"start":{"line":7,"column":0},"end":{"line":7,"column":14}},"7":{"start":{"line":8,"column":0},"end":{"line":8,"column":6}},"8":{"start":{"line":9,"column":0},"end":{"line":9,"column":4}},"9":{"start":{"line":10,"column":0},"end":{"line":10,"column":2}}},"s":{"0":1,"1":1,"2":1,"3":1,"4":1,"5":1,"6":1,"7":1,"8":1,"9":1},"branchMap":{"0":{"type":"branch","line":3,"loc":{"start":{"line":3,"column":27},"end":{"line":10,"column":2}},"locations":[{"start":{"line":3,"column":27},"end":{"line":10,"column":2}}]}},"b":{"0":[1]},"fnMap":{"0":{"name":"badRequest","decl":{"start":{"line":3,"column":27},"end":{"line":10,"column":2}},"loc":{"start":{"line":3,"column":27},"end":{"line":10,"column":2}},"line":3}},"f":{"0":1}}
,"C:\\Users\\Bernardo\\OneDrive\\Documentos\\BACKEND_PRONET\\Backend-Pronet\\src\\helpers\\forbidden.helper.ts": {"path":"C:\\Users\\Bernardo\\OneDrive\\Documentos\\BACKEND_PRONET\\Backend-Pronet\\src\\helpers\\forbidden.helper.ts","all":false,"statementMap":{"0":{"start":{"line":1,"column":0},"end":{"line":1,"column":57}},"1":{"start":{"line":2,"column":0},"end":{"line":2,"column":0}},"2":{"start":{"line":3,"column":0},"end":{"line":3,"column":46}},"3":{"start":{"line":4,"column":0},"end":{"line":4,"column":10}},"4":{"start":{"line":5,"column":0},"end":{"line":5,"column":20}},"5":{"start":{"line":6,"column":0},"end":{"line":6,"column":11}},"6":{"start":{"line":7,"column":0},"end":{"line":7,"column":143}},"7":{"start":{"line":8,"column":0},"end":{"line":8,"column":5}},"8":{"start":{"line":9,"column":0},"end":{"line":9,"column":3}},"9":{"start":{"line":10,"column":0},"end":{"line":10,"column":1}}},"s":{"0":1,"1":1,"2":1,"3":0,"4":0,"5":0,"6":0,"7":0,"8":0,"9":0},"branchMap":{},"b":{},"fnMap":{"0":{"name":"forbidden","decl":{"start":{"line":3,"column":25},"end":{"line":10,"column":1}},"loc":{"start":{"line":3,"column":25},"end":{"line":10,"column":1}},"line":3}},"f":{"0":0}}
,"C:\\Users\\Bernardo\\OneDrive\\Documentos\\BACKEND_PRONET\\Backend-Pronet\\src\\helpers\\index.ts": {"path":"C:\\Users\\Bernardo\\OneDrive\\Documentos\\BACKEND_PRONET\\Backend-Pronet\\src\\helpers\\index.ts","all":false,"statementMap":{"0":{"start":{"line":1,"column":0},"end":{"line":1,"column":32}},"1":{"start":{"line":2,"column":0},"end":{"line":2,"column":36}},"2":{"start":{"line":3,"column":0},"end":{"line":3,"column":34}},"3":{"start":{"line":4,"column":0},"end":{"line":4,"column":39}}},"s":{"0":5,"1":1,"2":0,"3":0},"branchMap":{"0":{"type":"branch","line":1,"loc":{"start":{"line":1,"column":0},"end":{"line":1,"column":32}},"locations":[{"start":{"line":1,"column":0},"end":{"line":1,"column":32}}]},"1":{"type":"branch","line":1,"loc":{"start":{"line":1,"column":0},"end":{"line":1,"column":32}},"locations":[{"start":{"line":1,"column":0},"end":{"line":1,"column":32}}]},"2":{"type":"branch","line":1,"loc":{"start":{"line":1,"column":0},"end":{"line":1,"column":32}},"locations":[{"start":{"line":1,"column":0},"end":{"line":1,"column":32}}]},"3":{"type":"branch","line":1,"loc":{"start":{"line":1,"column":0},"end":{"line":1,"column":32}},"locations":[{"start":{"line":1,"column":0},"end":{"line":1,"column":32}}]},"4":{"type":"branch","line":1,"loc":{"start":{"line":1,"column":0},"end":{"line":1,"column":32}},"locations":[{"start":{"line":1,"column":0},"end":{"line":1,"column":32}}]},"5":{"type":"branch","line":2,"loc":{"start":{"line":2,"column":0},"end":{"line":2,"column":36}},"locations":[{"start":{"line":2,"column":0},"end":{"line":2,"column":36}}]},"6":{"type":"branch","line":2,"loc":{"start":{"line":2,"column":0},"end":{"line":2,"column":36}},"locations":[{"start":{"line":2,"column":0},"end":{"line":2,"column":36}}]},"7":{"type":"branch","line":2,"loc":{"start":{"line":2,"column":0},"end":{"line":2,"column":36}},"locations":[{"start":{"line":2,"column":0},"end":{"line":2,"column":36}}]},"8":{"type":"branch","line":2,"loc":{"start":{"line":2,"column":0},"end":{"line":2,"column":36}},"locations":[{"start":{"line":2,"column":0},"end":{"line":2,"column":36}}]},"9":{"type":"branch","line":2,"loc":{"start":{"line":2,"column":0},"end":{"line":2,"column":36}},"locations":[{"start":{"line":2,"column":0},"end":{"line":2,"column":36}}]},"10":{"type":"branch","line":3,"loc":{"start":{"line":3,"column":0},"end":{"line":3,"column":34}},"locations":[{"start":{"line":3,"column":0},"end":{"line":3,"column":34}}]},"11":{"type":"branch","line":3,"loc":{"start":{"line":3,"column":0},"end":{"line":3,"column":34}},"locations":[{"start":{"line":3,"column":0},"end":{"line":3,"column":34}}]},"12":{"type":"branch","line":3,"loc":{"start":{"line":3,"column":0},"end":{"line":3,"column":34}},"locations":[{"start":{"line":3,"column":0},"end":{"line":3,"column":34}}]},"13":{"type":"branch","line":3,"loc":{"start":{"line":3,"column":0},"end":{"line":3,"column":34}},"locations":[{"start":{"line":3,"column":0},"end":{"line":3,"column":34}}]},"14":{"type":"branch","line":4,"loc":{"start":{"line":4,"column":0},"end":{"line":4,"column":39}},"locations":[{"start":{"line":4,"column":0},"end":{"line":4,"column":39}}]},"15":{"type":"branch","line":4,"loc":{"start":{"line":4,"column":0},"end":{"line":4,"column":39}},"locations":[{"start":{"line":4,"column":0},"end":{"line":4,"column":39}}]},"16":{"type":"branch","line":4,"loc":{"start":{"line":4,"column":0},"end":{"line":4,"column":39}},"locations":[{"start":{"line":4,"column":0},"end":{"line":4,"column":39}}]},"17":{"type":"branch","line":4,"loc":{"start":{"line":4,"column":0},"end":{"line":4,"column":39}},"locations":[{"start":{"line":4,"column":0},"end":{"line":4,"column":39}}]}},"b":{"0":[4],"1":[0],"2":[0],"3":[0],"4":[5],"5":[4],"6":[0],"7":[0],"8":[0],"9":[1],"10":[4],"11":[0],"12":[0],"13":[0],"14":[4],"15":[0],"16":[0],"17":[0]},"fnMap":{"0":{"name":"get","decl":{"start":{"line":1,"column":0},"end":{"line":1,"column":32}},"loc":{"start":{"line":1,"column":0},"end":{"line":1,"column":32}},"line":1},"1":{"name":"get","decl":{"start":{"line":2,"column":0},"end":{"line":2,"column":36}},"loc":{"start":{"line":2,"column":0},"end":{"line":2,"column":36}},"line":2},"2":{"name":"get","decl":{"start":{"line":3,"column":0},"end":{"line":3,"column":34}},"loc":{"start":{"line":3,"column":0},"end":{"line":3,"column":34}},"line":3},"3":{"name":"get","decl":{"start":{"line":4,"column":0},"end":{"line":4,"column":39}},"loc":{"start":{"line":4,"column":0},"end":{"line":4,"column":39}},"line":4}},"f":{"0":5,"1":1,"2":0,"3":0}}
,"C:\\Users\\Bernardo\\OneDrive\\Documentos\\BACKEND_PRONET\\Backend-Pronet\\src\\helpers\\internal-error.helper.ts": {"path":"C:\\Users\\Bernardo\\OneDrive\\Documentos\\BACKEND_PRONET\\Backend-Pronet\\src\\helpers\\internal-error.helper.ts","all":false,"statementMap":{"0":{"start":{"line":1,"column":0},"end":{"line":1,"column":57}},"1":{"start":{"line":2,"column":0},"end":{"line":2,"column":0}},"2":{"start":{"line":3,"column":0},"end":{"line":3,"column":66}},"3":{"start":{"line":4,"column":0},"end":{"line":4,"column":10}},"4":{"start":{"line":5,"column":0},"end":{"line":5,"column":20}},"5":{"start":{"line":6,"column":0},"end":{"line":6,"column":11}},"6":{"start":{"line":7,"column":0},"end":{"line":7,"column":22}},"7":{"start":{"line":8,"column":0},"end":{"line":8,"column":17}},"8":{"start":{"line":9,"column":0},"end":{"line":9,"column":79}},"9":{"start":{"line":10,"column":0},"end":{"line":10,"column":6}},"10":{"start":{"line":11,"column":0},"end":{"line":11,"column":4}},"11":{"start":{"line":12,"column":0},"end":{"line":12,"column":2}}},"s":{"0":1,"1":1,"2":1,"3":0,"4":0,"5":0,"6":0,"7":0,"8":0,"9":0,"10":0,"11":0},"branchMap":{},"b":{},"fnMap":{"0":{"name":"InternalError","decl":{"start":{"line":3,"column":30},"end":{"line":12,"column":2}},"loc":{"start":{"line":3,"column":30},"end":{"line":12,"column":2}},"line":3}},"f":{"0":0}}
,"C:\\Users\\Bernardo\\OneDrive\\Documentos\\BACKEND_PRONET\\Backend-Pronet\\src\\helpers\\success.helper.ts": {"path":"C:\\Users\\Bernardo\\OneDrive\\Documentos\\BACKEND_PRONET\\Backend-Pronet\\src\\helpers\\success.helper.ts","all":false,"statementMap":{"0":{"start":{"line":1,"column":0},"end":{"line":1,"column":57}},"1":{"start":{"line":2,"column":0},"end":{"line":2,"column":0}},"2":{"start":{"line":3,"column":0},"end":{"line":3,"column":30}},"3":{"start":{"line":4,"column":0},"end":{"line":4,"column":19}},"4":{"start":{"line":5,"column":0},"end":{"line":5,"column":13}},"5":{"start":{"line":6,"column":0},"end":{"line":6,"column":18}},"6":{"start":{"line":7,"column":0},"end":{"line":7,"column":17}},"7":{"start":{"line":8,"column":0},"end":{"line":8,"column":1}},"8":{"start":{"line":9,"column":0},"end":{"line":9,"column":0}},"9":{"start":{"line":10,"column":0},"end":{"line":10,"column":62}},"10":{"start":{"line":11,"column":0},"end":{"line":11,"column":10}},"11":{"start":{"line":12,"column":0},"end":{"line":12,"column":20}},"12":{"start":{"line":13,"column":0},"end":{"line":13,"column":11}},"13":{"start":{"line":14,"column":0},"end":{"line":14,"column":29}},"14":{"start":{"line":15,"column":0},"end":{"line":15,"column":23}},"15":{"start":{"line":16,"column":0},"end":{"line":16,"column":27}},"16":{"start":{"line":17,"column":0},"end":{"line":17,"column":25}},"17":{"start":{"line":18,"column":0},"end":{"line":18,"column":6}},"18":{"start":{"line":19,"column":0},"end":{"line":19,"column":4}},"19":{"start":{"line":20,"column":0},"end":{"line":20,"column":2}}},"s":{"0":1,"1":1,"2":1,"3":1,"4":1,"5":1,"6":1,"7":1,"8":1,"9":1,"10":5,"11":5,"12":5,"13":5,"14":5,"15":5,"16":5,"17":5,"18":5,"19":5},"branchMap":{"0":{"type":"branch","line":10,"loc":{"start":{"line":10,"column":24},"end":{"line":20,"column":2}},"locations":[{"start":{"line":10,"column":24},"end":{"line":20,"column":2}}]}},"b":{"0":[5]},"fnMap":{"0":{"name":"success","decl":{"start":{"line":10,"column":24},"end":{"line":20,"column":2}},"loc":{"start":{"line":10,"column":24},"end":{"line":20,"column":2}},"line":10}},"f":{"0":5}}
,"C:\\Users\\Bernardo\\OneDrive\\Documentos\\BACKEND_PRONET\\Backend-Pronet\\src\\models\\contrato.model.ts": {"path":"C:\\Users\\Bernardo\\OneDrive\\Documentos\\BACKEND_PRONET\\Backend-Pronet\\src\\models\\contrato.model.ts","all":false,"statementMap":{"0":{"start":{"line":1,"column":0},"end":{"line":1,"column":8}},"1":{"start":{"line":2,"column":0},"end":{"line":2,"column":18}},"2":{"start":{"line":3,"column":0},"end":{"line":3,"column":26}},"3":{"start":{"line":4,"column":0},"end":{"line":4,"column":8}},"4":{"start":{"line":5,"column":0},"end":{"line":5,"column":12}},"5":{"start":{"line":6,"column":0},"end":{"line":6,"column":19}},"6":{"start":{"line":7,"column":0},"end":{"line":7,"column":19}},"7":{"start":{"line":8,"column":0},"end":{"line":8,"column":53}},"8":{"start":{"line":9,"column":0},"end":{"line":9,"column":0}},"9":{"start":{"line":10,"column":0},"end":{"line":10,"column":39}},"10":{"start":{"line":11,"column":0},"end":{"line":11,"column":38}},"11":{"start":{"line":12,"column":0},"end":{"line":12,"column":45}},"12":{"start":{"line":13,"column":0},"end":{"line":13,"column":3}},"13":{"start":{"line":14,"column":0},"end":{"line":14,"column":39}},"14":{"start":{"line":15,"column":0},"end":{"line":15,"column":36}},"15":{"start":{"line":16,"column":0},"end":{"line":16,"column":30}},"16":{"start":{"line":17,"column":0},"end":{"line":17,"column":28}},"17":{"start":{"line":18,"column":0},"end":{"line":18,"column":25}},"18":{"start":{"line":19,"column":0},"end":{"line":19,"column":36}},"19":{"start":{"line":20,"column":0},"end":{"line":20,"column":44}},"20":{"start":{"line":21,"column":0},"end":{"line":21,"column":44}},"21":{"start":{"line":22,"column":0},"end":{"line":22,"column":1}},"22":{"start":{"line":23,"column":0},"end":{"line":23,"column":0}},"23":{"start":{"line":24,"column":0},"end":{"line":24,"column":24}},"24":{"start":{"line":25,"column":0},"end":{"line":25,"column":3}},"25":{"start":{"line":26,"column":0},"end":{"line":26,"column":9}},"26":{"start":{"line":27,"column":0},"end":{"line":27,"column":30}},"27":{"start":{"line":28,"column":0},"end":{"line":28,"column":26}},"28":{"start":{"line":29,"column":0},"end":{"line":29,"column":23}},"29":{"start":{"line":30,"column":0},"end":{"line":30,"column":23}},"30":{"start":{"line":31,"column":0},"end":{"line":31,"column":6}},"31":{"start":{"line":32,"column":0},"end":{"line":32,"column":24}},"32":{"start":{"line":33,"column":0},"end":{"line":33,"column":35}},"33":{"start":{"line":34,"column":0},"end":{"line":34,"column":23}},"34":{"start":{"line":35,"column":0},"end":{"line":35,"column":6}},"35":{"start":{"line":36,"column":0},"end":{"line":36,"column":18}},"36":{"start":{"line":37,"column":0},"end":{"line":37,"column":36}},"37":{"start":{"line":38,"column":0},"end":{"line":38,"column":23}},"38":{"start":{"line":39,"column":0},"end":{"line":39,"column":6}},"39":{"start":{"line":40,"column":0},"end":{"line":40,"column":18}},"40":{"start":{"line":41,"column":0},"end":{"line":41,"column":27}},"41":{"start":{"line":42,"column":0},"end":{"line":42,"column":23}},"42":{"start":{"line":43,"column":0},"end":{"line":43,"column":6}},"43":{"start":{"line":44,"column":0},"end":{"line":44,"column":15}},"44":{"start":{"line":45,"column":0},"end":{"line":45,"column":27}},"45":{"start":{"line":46,"column":0},"end":{"line":46,"column":23}},"46":{"start":{"line":47,"column":0},"end":{"line":47,"column":6}},"47":{"start":{"line":48,"column":0},"end":{"line":48,"column":24}},"48":{"start":{"line":49,"column":0},"end":{"line":49,"column":29}},"49":{"start":{"line":50,"column":0},"end":{"line":50,"column":22}},"50":{"start":{"line":51,"column":0},"end":{"line":51,"column":6}},"51":{"start":{"line":52,"column":0},"end":{"line":52,"column":16}},"52":{"start":{"line":53,"column":0},"end":{"line":53,"column":27}},"53":{"start":{"line":54,"column":0},"end":{"line":54,"column":23}},"54":{"start":{"line":55,"column":0},"end":{"line":55,"column":6}},"55":{"start":{"line":56,"column":0},"end":{"line":56,"column":16}},"56":{"start":{"line":57,"column":0},"end":{"line":57,"column":27}},"57":{"start":{"line":58,"column":0},"end":{"line":58,"column":23}},"58":{"start":{"line":59,"column":0},"end":{"line":59,"column":6}},"59":{"start":{"line":60,"column":0},"end":{"line":60,"column":4}},"60":{"start":{"line":61,"column":0},"end":{"line":61,"column":3}},"61":{"start":{"line":62,"column":0},"end":{"line":62,"column":41}},"62":{"start":{"line":63,"column":0},"end":{"line":63,"column":26}},"63":{"start":{"line":64,"column":0},"end":{"line":64,"column":4}},"64":{"start":{"line":65,"column":0},"end":{"line":65,"column":2}},"65":{"start":{"line":66,"column":0},"end":{"line":66,"column":0}},"66":{"start":{"line":67,"column":0},"end":{"line":67,"column":34}}},"s":{"0":1,"1":1,"2":1,"3":1,"4":1,"5":1,"6":1,"7":1,"8":1,"9":1,"10":1,"11":1,"12":1,"13":1,"14":1,"15":1,"16":1,"17":1,"18":1,"19":1,"20":1,"21":1,"22":1,"23":1,"24":1,"25":1,"26":1,"27":1,"28":1,"29":1,"30":1,"31":1,"32":1,"33":1,"34":1,"35":1,"36":1,"37":1,"38":1,"39":1,"40":1,"41":1,"42":1,"43":1,"44":1,"45":1,"46":1,"47":1,"48":1,"49":1,"50":1,"51":1,"52":1,"53":1,"54":1,"55":1,"56":1,"57":1,"58":1,"59":1,"60":1,"61":1,"62":1,"63":1,"64":1,"65":1,"66":1},"branchMap":{},"b":{},"fnMap":{},"f":{}}
,"C:\\Users\\Bernardo\\OneDrive\\Documentos\\BACKEND_PRONET\\Backend-Pronet\\src\\models\\projetos.model.ts": {"path":"C:\\Users\\Bernardo\\OneDrive\\Documentos\\BACKEND_PRONET\\Backend-Pronet\\src\\models\\projetos.model.ts","all":false,"statementMap":{"0":{"start":{"line":1,"column":0},"end":{"line":1,"column":8}},"1":{"start":{"line":2,"column":0},"end":{"line":2,"column":18}},"2":{"start":{"line":3,"column":0},"end":{"line":3,"column":26}},"3":{"start":{"line":4,"column":0},"end":{"line":4,"column":8}},"4":{"start":{"line":5,"column":0},"end":{"line":5,"column":12}},"5":{"start":{"line":6,"column":0},"end":{"line":6,"column":19}},"6":{"start":{"line":7,"column":0},"end":{"line":7,"column":19}},"7":{"start":{"line":8,"column":0},"end":{"line":8,"column":53}},"8":{"start":{"line":9,"column":0},"end":{"line":9,"column":0}},"9":{"start":{"line":10,"column":0},"end":{"line":10,"column":38}},"10":{"start":{"line":11,"column":0},"end":{"line":11,"column":37}},"11":{"start":{"line":12,"column":0},"end":{"line":12,"column":44}},"12":{"start":{"line":13,"column":0},"end":{"line":13,"column":3}},"13":{"start":{"line":14,"column":0},"end":{"line":14,"column":39}},"14":{"start":{"line":15,"column":0},"end":{"line":15,"column":23}},"15":{"start":{"line":16,"column":0},"end":{"line":16,"column":38}},"16":{"start":{"line":17,"column":0},"end":{"line":17,"column":35}},"17":{"start":{"line":18,"column":0},"end":{"line":18,"column":25}},"18":{"start":{"line":19,"column":0},"end":{"line":19,"column":32}},"19":{"start":{"line":20,"column":0},"end":{"line":20,"column":22}},"20":{"start":{"line":21,"column":0},"end":{"line":21,"column":40}},"21":{"start":{"line":22,"column":0},"end":{"line":22,"column":37}},"22":{"start":{"line":23,"column":0},"end":{"line":23,"column":44}},"23":{"start":{"line":24,"column":0},"end":{"line":24,"column":44}},"24":{"start":{"line":25,"column":0},"end":{"line":25,"column":1}},"25":{"start":{"line":26,"column":0},"end":{"line":26,"column":0}},"26":{"start":{"line":27,"column":0},"end":{"line":27,"column":23}},"27":{"start":{"line":28,"column":0},"end":{"line":28,"column":3}},"28":{"start":{"line":29,"column":0},"end":{"line":29,"column":9}},"29":{"start":{"line":30,"column":0},"end":{"line":30,"column":30}},"30":{"start":{"line":31,"column":0},"end":{"line":31,"column":26}},"31":{"start":{"line":32,"column":0},"end":{"line":32,"column":23}},"32":{"start":{"line":33,"column":0},"end":{"line":33,"column":23}},"33":{"start":{"line":34,"column":0},"end":{"line":34,"column":6}},"34":{"start":{"line":35,"column":0},"end":{"line":35,"column":11}},"35":{"start":{"line":36,"column":0},"end":{"line":36,"column":29}},"36":{"start":{"line":37,"column":0},"end":{"line":37,"column":23}},"37":{"start":{"line":38,"column":0},"end":{"line":38,"column":6}},"38":{"start":{"line":39,"column":0},"end":{"line":39,"column":28}},"39":{"start":{"line":40,"column":0},"end":{"line":40,"column":27}},"40":{"start":{"line":41,"column":0},"end":{"line":41,"column":23}},"41":{"start":{"line":42,"column":0},"end":{"line":42,"column":6}},"42":{"start":{"line":43,"column":0},"end":{"line":43,"column":25}},"43":{"start":{"line":44,"column":0},"end":{"line":44,"column":27}},"44":{"start":{"line":45,"column":0},"end":{"line":45,"column":23}},"45":{"start":{"line":46,"column":0},"end":{"line":46,"column":6}},"46":{"start":{"line":47,"column":0},"end":{"line":47,"column":13}},"47":{"start":{"line":48,"column":0},"end":{"line":48,"column":29}},"48":{"start":{"line":49,"column":0},"end":{"line":49,"column":23}},"49":{"start":{"line":50,"column":0},"end":{"line":50,"column":6}},"50":{"start":{"line":51,"column":0},"end":{"line":51,"column":20}},"51":{"start":{"line":52,"column":0},"end":{"line":52,"column":29}},"52":{"start":{"line":53,"column":0},"end":{"line":53,"column":23}},"53":{"start":{"line":54,"column":0},"end":{"line":54,"column":6}},"54":{"start":{"line":55,"column":0},"end":{"line":55,"column":10}},"55":{"start":{"line":56,"column":0},"end":{"line":56,"column":29}},"56":{"start":{"line":57,"column":0},"end":{"line":57,"column":23}},"57":{"start":{"line":58,"column":0},"end":{"line":58,"column":6}},"58":{"start":{"line":59,"column":0},"end":{"line":59,"column":23}},"59":{"start":{"line":60,"column":0},"end":{"line":60,"column":27}},"60":{"start":{"line":61,"column":0},"end":{"line":61,"column":22}},"61":{"start":{"line":62,"column":0},"end":{"line":62,"column":6}},"62":{"start":{"line":63,"column":0},"end":{"line":63,"column":20}},"63":{"start":{"line":64,"column":0},"end":{"line":64,"column":27}},"64":{"start":{"line":65,"column":0},"end":{"line":65,"column":22}},"65":{"start":{"line":66,"column":0},"end":{"line":66,"column":6}},"66":{"start":{"line":67,"column":0},"end":{"line":67,"column":16}},"67":{"start":{"line":68,"column":0},"end":{"line":68,"column":27}},"68":{"start":{"line":69,"column":0},"end":{"line":69,"column":23}},"69":{"start":{"line":70,"column":0},"end":{"line":70,"column":6}},"70":{"start":{"line":71,"column":0},"end":{"line":71,"column":16}},"71":{"start":{"line":72,"column":0},"end":{"line":72,"column":27}},"72":{"start":{"line":73,"column":0},"end":{"line":73,"column":23}},"73":{"start":{"line":74,"column":0},"end":{"line":74,"column":6}},"74":{"start":{"line":75,"column":0},"end":{"line":75,"column":4}},"75":{"start":{"line":76,"column":0},"end":{"line":76,"column":3}},"76":{"start":{"line":77,"column":0},"end":{"line":77,"column":41}},"77":{"start":{"line":78,"column":0},"end":{"line":78,"column":26}},"78":{"start":{"line":79,"column":0},"end":{"line":79,"column":4}},"79":{"start":{"line":80,"column":0},"end":{"line":80,"column":2}},"80":{"start":{"line":81,"column":0},"end":{"line":81,"column":0}},"81":{"start":{"line":82,"column":0},"end":{"line":82,"column":33}}},"s":{"0":1,"1":1,"2":1,"3":1,"4":1,"5":1,"6":1,"7":1,"8":1,"9":1,"10":1,"11":1,"12":1,"13":1,"14":1,"15":1,"16":1,"17":1,"18":1,"19":1,"20":1,"21":1,"22":1,"23":1,"24":1,"25":1,"26":1,"27":1,"28":1,"29":1,"30":1,"31":1,"32":1,"33":1,"34":1,"35":1,"36":1,"37":1,"38":1,"39":1,"40":1,"41":1,"42":1,"43":1,"44":1,"45":1,"46":1,"47":1,"48":1,"49":1,"50":1,"51":1,"52":1,"53":1,"54":1,"55":1,"56":1,"57":1,"58":1,"59":1,"60":1,"61":1,"62":1,"63":1,"64":1,"65":1,"66":1,"67":1,"68":1,"69":1,"70":1,"71":1,"72":1,"73":1,"74":1,"75":1,"76":1,"77":1,"78":1,"79":1,"80":1,"81":1},"branchMap":{},"b":{},"fnMap":{},"f":{}}
,"C:\\Users\\Bernardo\\OneDrive\\Documentos\\BACKEND_PRONET\\Backend-Pronet\\src\\models\\sequelize-helper.ts": {"path":"C:\\Users\\Bernardo\\OneDrive\\Documentos\\BACKEND_PRONET\\Backend-Pronet\\src\\models\\sequelize-helper.ts","all":false,"statementMap":{"0":{"start":{"line":1,"column":0},"end":{"line":1,"column":38}},"1":{"start":{"line":2,"column":0},"end":{"line":2,"column":41}},"2":{"start":{"line":3,"column":0},"end":{"line":3,"column":0}},"3":{"start":{"line":4,"column":0},"end":{"line":4,"column":32}},"4":{"start":{"line":5,"column":0},"end":{"line":5,"column":27}},"5":{"start":{"line":6,"column":0},"end":{"line":6,"column":41}},"6":{"start":{"line":7,"column":0},"end":{"line":7,"column":26}},"7":{"start":{"line":8,"column":0},"end":{"line":8,"column":21}},"8":{"start":{"line":9,"column":0},"end":{"line":9,"column":25}},"9":{"start":{"line":10,"column":0},"end":{"line":10,"column":23}},"10":{"start":{"line":11,"column":0},"end":{"line":11,"column":14}},"11":{"start":{"line":12,"column":0},"end":{"line":12,"column":24}},"12":{"start":{"line":13,"column":0},"end":{"line":13,"column":36}},"13":{"start":{"line":14,"column":0},"end":{"line":14,"column":9}},"14":{"start":{"line":15,"column":0},"end":{"line":15,"column":7}},"15":{"start":{"line":16,"column":0},"end":{"line":16,"column":5}},"16":{"start":{"line":17,"column":0},"end":{"line":17,"column":4}},"17":{"start":{"line":18,"column":0},"end":{"line":18,"column":19}},"18":{"start":{"line":19,"column":0},"end":{"line":19,"column":40}},"19":{"start":{"line":20,"column":0},"end":{"line":20,"column":4}},"20":{"start":{"line":21,"column":0},"end":{"line":21,"column":0}},"21":{"start":{"line":22,"column":0},"end":{"line":22,"column":17}},"22":{"start":{"line":23,"column":0},"end":{"line":23,"column":33}},"23":{"start":{"line":24,"column":0},"end":{"line":24,"column":4}},"24":{"start":{"line":25,"column":0},"end":{"line":25,"column":2}}},"s":{"0":1,"1":1,"2":1,"3":1,"4":1,"5":1,"6":1,"7":1,"8":1,"9":1,"10":1,"11":1,"12":1,"13":1,"14":1,"15":1,"16":1,"17":1,"18":0,"19":1,"20":1,"21":1,"22":2,"23":2,"24":1},"branchMap":{"0":{"type":"branch","line":22,"loc":{"start":{"line":22,"column":2},"end":{"line":24,"column":4}},"locations":[{"start":{"line":22,"column":2},"end":{"line":24,"column":4}}]}},"b":{"0":[2]},"fnMap":{"0":{"name":"connect","decl":{"start":{"line":18,"column":2},"end":{"line":20,"column":3}},"loc":{"start":{"line":18,"column":2},"end":{"line":20,"column":3}},"line":18},"1":{"name":"reset","decl":{"start":{"line":22,"column":2},"end":{"line":24,"column":4}},"loc":{"start":{"line":22,"column":2},"end":{"line":24,"column":4}},"line":22}},"f":{"0":0,"1":2}}
}
