TN:
SF:src\app.ts
FN:7,<instance_members_initializer>
FN:9,Application
FN:15,middlewares
FN:20,routers
FNF:4
FNH:4
FNDA:2,<instance_members_initializer>
FNDA:2,Application
FNDA:2,middlewares
FNDA:2,routers
DA:1,1
DA:2,1
DA:3,1
DA:4,1
DA:5,1
DA:6,1
DA:7,1
DA:8,1
DA:9,1
DA:10,2
DA:11,2
DA:12,2
DA:13,2
DA:14,1
DA:15,1
DA:16,2
DA:17,2
DA:18,2
DA:19,1
DA:20,1
DA:21,2
DA:22,2
DA:23,2
DA:24,1
DA:25,1
DA:26,1
LF:26
LH:26
BRDA:7,0,0,2
BRDA:9,1,0,2
BRDA:15,2,0,2
BRDA:20,3,0,2
BRF:4
BRH:4
end_of_record
TN:
SF:src\Controller\contrato\contrato.router.ts
FN:6,<instance_members_initializer>
FN:8,ContratoRouter
FN:13,routers
FNF:3
FNH:3
FNDA:2,<instance_members_initializer>
FNDA:2,ContratoRouter
FNDA:2,routers
DA:1,1
DA:2,1
DA:3,1
DA:4,1
DA:5,1
DA:6,1
DA:7,1
DA:8,1
DA:9,2
DA:10,2
DA:11,2
DA:12,1
DA:13,1
DA:14,2
DA:15,2
DA:16,1
DA:17,1
DA:18,1
LF:18
LH:18
BRDA:6,0,0,2
BRDA:8,1,0,2
BRDA:13,2,0,2
BRF:3
BRH:3
end_of_record
TN:
SF:src\Controller\contrato\create\create-contrato.controller.ts
FN:10,handle
FNF:1
FNH:1
FNDA:3,handle
DA:1,1
DA:2,1
DA:3,1
DA:4,1
DA:5,1
DA:6,1
DA:7,1
DA:8,1
DA:9,1
DA:10,1
DA:11,3
DA:12,3
DA:13,3
DA:14,3
DA:15,3
DA:16,3
DA:17,2
DA:18,2
DA:19,2
DA:20,2
DA:21,2
DA:22,2
DA:23,1
DA:24,1
DA:25,1
DA:26,3
DA:27,1
LF:27
LH:27
BRDA:10,0,0,3
BRDA:16,1,0,2
BRDA:22,2,0,1
BRF:3
BRH:3
end_of_record
TN:
SF:src\Controller\projetos\projetos.router.ts
FN:6,<instance_members_initializer>
FN:8,ContratoRouter
FN:13,routers
FNF:3
FNH:3
FNDA:2,<instance_members_initializer>
FNDA:2,ContratoRouter
FNDA:2,routers
DA:1,1
DA:2,1
DA:3,1
DA:4,1
DA:5,1
DA:6,1
DA:7,1
DA:8,1
DA:9,2
DA:10,2
DA:11,2
DA:12,1
DA:13,1
DA:14,2
DA:15,2
DA:16,1
DA:17,1
DA:18,1
LF:18
LH:18
BRDA:6,0,0,2
BRDA:8,1,0,2
BRDA:13,2,0,2
BRF:3
BRH:3
end_of_record
TN:
SF:src\Controller\projetos\create\create-projetos.controller.ts
FN:10,handle
FNF:1
FNH:1
FNDA:3,handle
DA:1,1
DA:2,1
DA:3,1
DA:4,1
DA:5,1
DA:6,1
DA:7,1
DA:8,1
DA:9,1
DA:10,1
DA:11,3
DA:12,3
DA:13,3
DA:14,3
DA:15,3
DA:16,3
DA:17,3
DA:18,3
DA:19,3
DA:20,3
DA:21,3
DA:22,3
DA:23,0
DA:24,0
DA:25,0
DA:26,3
DA:27,1
LF:27
LH:24
BRDA:10,0,0,3
BRDA:22,1,0,0
BRF:2
BRH:1
end_of_record
TN:
SF:src\Service\contrato.service.ts
FN:12,create
FNF:1
FNH:1
FNDA:3,create
DA:1,1
DA:2,1
DA:3,1
DA:4,1
DA:5,1
DA:6,1
DA:7,1
DA:8,1
DA:9,1
DA:10,1
DA:11,1
DA:12,1
DA:13,3
DA:14,1
DA:15,1
DA:16,3
DA:17,0
DA:18,0
DA:19,3
DA:20,0
DA:21,0
DA:22,3
DA:23,0
DA:24,0
DA:25,2
DA:26,2
DA:27,2
DA:28,2
DA:29,3
DA:30,0
DA:31,0
DA:32,2
DA:33,3
DA:34,0
DA:35,0
DA:36,2
DA:37,3
DA:38,0
DA:39,0
DA:40,0
DA:41,0
DA:42,2
DA:43,2
DA:44,2
DA:45,2
DA:46,2
DA:47,2
DA:48,2
DA:49,2
DA:50,2
DA:51,1
LF:51
LH:37
BRDA:12,0,0,3
BRDA:13,1,0,2
BRDA:13,2,0,1
BRDA:16,3,0,0
BRDA:18,4,0,2
BRDA:19,5,0,0
BRDA:21,6,0,2
BRDA:22,7,0,0
BRDA:24,8,0,2
BRDA:29,9,0,0
BRDA:31,10,0,2
BRDA:33,11,0,0
BRDA:35,12,0,2
BRDA:37,13,0,0
BRDA:41,14,0,2
BRF:15
BRH:9
end_of_record
TN:
SF:src\Service\projetos.service.ts
FN:15,create
FNF:1
FNH:1
FNDA:3,create
DA:1,1
DA:2,1
DA:3,1
DA:4,1
DA:5,1
DA:6,1
DA:7,1
DA:8,1
DA:9,1
DA:10,1
DA:11,1
DA:12,1
DA:13,1
DA:14,1
DA:15,1
DA:16,3
DA:17,0
DA:18,0
DA:19,3
DA:20,3
DA:21,0
DA:22,0
DA:23,3
DA:24,0
DA:25,0
DA:26,0
DA:27,0
DA:28,3
DA:29,3
DA:30,3
DA:31,3
DA:32,1
DA:33,3
DA:34,3
DA:35,1
DA:36,3
DA:37,3
DA:38,3
DA:39,0
DA:40,0
DA:41,3
DA:42,3
DA:43,0
DA:44,0
DA:45,3
DA:46,3
DA:47,0
DA:48,0
DA:49,3
DA:50,3
DA:51,0
DA:52,0
DA:53,3
DA:54,3
DA:55,0
DA:56,0
DA:57,3
DA:58,3
DA:59,0
DA:60,0
DA:61,3
DA:62,3
DA:63,0
DA:64,0
DA:65,3
DA:66,3
DA:67,0
DA:68,0
DA:69,3
DA:70,3
DA:71,3
DA:72,3
DA:73,3
DA:74,3
DA:75,3
DA:76,3
DA:77,3
DA:78,3
DA:79,3
DA:80,1
LF:80
LH:56
BRDA:15,0,0,3
BRDA:16,1,0,0
BRDA:20,2,0,0
BRDA:23,3,0,0
BRDA:32,4,0,1
BRDA:33,5,0,2
BRDA:35,6,0,1
BRDA:36,7,0,2
BRDA:38,8,0,0
BRDA:42,9,0,0
BRDA:46,10,0,1
BRDA:46,11,0,0
BRDA:50,12,0,1
BRDA:50,13,0,0
BRDA:54,14,0,0
BRDA:58,15,0,0
BRDA:62,16,0,0
BRDA:66,17,0,0
BRF:18
BRH:7
end_of_record
TN:
SF:src\adapter\router.adapter.ts
FN:8,adapterRouter
FNF:1
FNH:1
FNDA:4,adapterRouter
DA:1,1
DA:2,1
DA:3,1
DA:4,1
DA:5,1
DA:6,1
DA:7,1
DA:8,1
DA:9,4
DA:10,2
DA:11,2
DA:12,2
DA:13,2
DA:14,2
DA:15,2
DA:16,2
DA:17,2
DA:18,2
DA:19,2
DA:20,4
DA:21,4
LF:21
LH:21
BRDA:8,0,0,4
BRDA:9,1,0,2
BRF:2
BRH:2
end_of_record
TN:
SF:src\helpers\bad-request.helper.ts
FN:3,badRequest
FNF:1
FNH:1
FNDA:1,badRequest
DA:1,1
DA:2,1
DA:3,1
DA:4,1
DA:5,1
DA:6,1
DA:7,1
DA:8,1
DA:9,1
DA:10,1
LF:10
LH:10
BRDA:3,0,0,1
BRF:1
BRH:1
end_of_record
TN:
SF:src\helpers\forbidden.helper.ts
FN:3,forbidden
FNF:1
FNH:0
FNDA:0,forbidden
DA:1,1
DA:2,1
DA:3,1
DA:4,0
DA:5,0
DA:6,0
DA:7,0
DA:8,0
DA:9,0
DA:10,0
LF:10
LH:3
BRF:0
BRH:0
end_of_record
TN:
SF:src\helpers\index.ts
FN:1,get
FN:2,get
FN:3,get
FN:4,get
FNF:4
FNH:2
FNDA:5,get
FNDA:1,get
FNDA:0,get
FNDA:0,get
DA:1,5
DA:2,1
DA:3,0
DA:4,0
LF:4
LH:2
BRDA:1,0,0,4
BRDA:1,1,0,0
BRDA:1,2,0,0
BRDA:1,3,0,0
BRDA:1,4,0,5
BRDA:2,5,0,4
BRDA:2,6,0,0
BRDA:2,7,0,0
BRDA:2,8,0,0
BRDA:2,9,0,1
BRDA:3,10,0,4
BRDA:3,11,0,0
BRDA:3,12,0,0
BRDA:3,13,0,0
BRDA:4,14,0,4
BRDA:4,15,0,0
BRDA:4,16,0,0
BRDA:4,17,0,0
BRF:18
BRH:6
end_of_record
TN:
SF:src\helpers\internal-error.helper.ts
FN:3,InternalError
FNF:1
FNH:0
FNDA:0,InternalError
DA:1,1
DA:2,1
DA:3,1
DA:4,0
DA:5,0
DA:6,0
DA:7,0
DA:8,0
DA:9,0
DA:10,0
DA:11,0
DA:12,0
LF:12
LH:3
BRF:0
BRH:0
end_of_record
TN:
SF:src\helpers\success.helper.ts
FN:10,success
FNF:1
FNH:1
FNDA:5,success
DA:1,1
DA:2,1
DA:3,1
DA:4,1
DA:5,1
DA:6,1
DA:7,1
DA:8,1
DA:9,1
DA:10,1
DA:11,5
DA:12,5
DA:13,5
DA:14,5
DA:15,5
DA:16,5
DA:17,5
DA:18,5
DA:19,5
DA:20,5
LF:20
LH:20
BRDA:10,0,0,5
BRF:1
BRH:1
end_of_record
TN:
SF:src\models\contrato.model.ts
FNF:0
FNH:0
DA:1,1
DA:2,1
DA:3,1
DA:4,1
DA:5,1
DA:6,1
DA:7,1
DA:8,1
DA:9,1
DA:10,1
DA:11,1
DA:12,1
DA:13,1
DA:14,1
DA:15,1
DA:16,1
DA:17,1
DA:18,1
DA:19,1
DA:20,1
DA:21,1
DA:22,1
DA:23,1
DA:24,1
DA:25,1
DA:26,1
DA:27,1
DA:28,1
DA:29,1
DA:30,1
DA:31,1
DA:32,1
DA:33,1
DA:34,1
DA:35,1
DA:36,1
DA:37,1
DA:38,1
DA:39,1
DA:40,1
DA:41,1
DA:42,1
DA:43,1
DA:44,1
DA:45,1
DA:46,1
DA:47,1
DA:48,1
DA:49,1
DA:50,1
DA:51,1
DA:52,1
DA:53,1
DA:54,1
DA:55,1
DA:56,1
DA:57,1
DA:58,1
DA:59,1
DA:60,1
DA:61,1
DA:62,1
DA:63,1
DA:64,1
DA:65,1
DA:66,1
DA:67,1
LF:67
LH:67
BRF:0
BRH:0
end_of_record
TN:
SF:src\models\projetos.model.ts
FNF:0
FNH:0
DA:1,1
DA:2,1
DA:3,1
DA:4,1
DA:5,1
DA:6,1
DA:7,1
DA:8,1
DA:9,1
DA:10,1
DA:11,1
DA:12,1
DA:13,1
DA:14,1
DA:15,1
DA:16,1
DA:17,1
DA:18,1
DA:19,1
DA:20,1
DA:21,1
DA:22,1
DA:23,1
DA:24,1
DA:25,1
DA:26,1
DA:27,1
DA:28,1
DA:29,1
DA:30,1
DA:31,1
DA:32,1
DA:33,1
DA:34,1
DA:35,1
DA:36,1
DA:37,1
DA:38,1
DA:39,1
DA:40,1
DA:41,1
DA:42,1
DA:43,1
DA:44,1
DA:45,1
DA:46,1
DA:47,1
DA:48,1
DA:49,1
DA:50,1
DA:51,1
DA:52,1
DA:53,1
DA:54,1
DA:55,1
DA:56,1
DA:57,1
DA:58,1
DA:59,1
DA:60,1
DA:61,1
DA:62,1
DA:63,1
DA:64,1
DA:65,1
DA:66,1
DA:67,1
DA:68,1
DA:69,1
DA:70,1
DA:71,1
DA:72,1
DA:73,1
DA:74,1
DA:75,1
DA:76,1
DA:77,1
DA:78,1
DA:79,1
DA:80,1
DA:81,1
DA:82,1
LF:82
LH:82
BRF:0
BRH:0
end_of_record
TN:
SF:src\models\sequelize-helper.ts
FN:18,connect
FN:22,reset
FNF:2
FNH:1
FNDA:0,connect
FNDA:2,reset
DA:1,1
DA:2,1
DA:3,1
DA:4,1
DA:5,1
DA:6,1
DA:7,1
DA:8,1
DA:9,1
DA:10,1
DA:11,1
DA:12,1
DA:13,1
DA:14,1
DA:15,1
DA:16,1
DA:17,1
DA:18,1
DA:19,0
DA:20,1
DA:21,1
DA:22,1
DA:23,2
DA:24,2
DA:25,1
LF:25
LH:24
BRDA:22,0,0,2
BRF:1
BRH:1
end_of_record
