TN:
SF:src\app.ts
FN:6,<instance_members_initializer>
FN:8,Application
FN:14,middlewares
FN:19,routers
FNF:4
FNH:4
FNDA:1,<instance_members_initializer>
FNDA:1,Application
FNDA:1,middlewares
FNDA:1,routers
DA:1,1
DA:2,1
DA:3,1
DA:4,1
DA:5,1
DA:6,1
DA:7,1
DA:8,1
DA:9,1
DA:10,1
DA:11,1
DA:12,1
DA:13,1
DA:14,1
DA:15,1
DA:16,1
DA:17,1
DA:18,1
DA:19,1
DA:20,1
DA:21,1
DA:22,1
DA:23,1
DA:24,1
LF:24
LH:24
BRDA:6,0,0,1
BRDA:8,1,0,1
BRDA:14,2,0,1
BRDA:19,3,0,1
BRF:4
BRH:4
end_of_record
TN:
SF:src\Controller\contrato\contrato.router.ts
FN:6,<instance_members_initializer>
FN:8,ContratoRouter
FN:13,routers
FNF:3
FNH:3
FNDA:1,<instance_members_initializer>
FNDA:1,ContratoRouter
FNDA:1,routers
DA:1,1
DA:2,1
DA:3,1
DA:4,1
DA:5,1
DA:6,1
DA:7,1
DA:8,1
DA:9,1
DA:10,1
DA:11,1
DA:12,1
DA:13,1
DA:14,1
DA:15,1
DA:16,1
DA:17,1
DA:18,1
LF:18
LH:18
BRDA:6,0,0,1
BRDA:8,1,0,1
BRDA:13,2,0,1
BRF:3
BRH:3
end_of_record
TN:
SF:src\Controller\contrato\create\create-contrato.controller.ts
FN:10,handle
FNF:1
FNH:1
FNDA:2,handle
DA:1,1
DA:2,1
DA:3,1
DA:4,1
DA:5,1
DA:6,1
DA:7,1
DA:8,1
DA:9,1
DA:10,1
DA:11,2
DA:12,2
DA:13,2
DA:14,2
DA:15,1
DA:16,1
DA:17,1
DA:18,1
DA:19,0
DA:20,0
DA:21,0
DA:22,0
DA:23,1
DA:24,1
DA:25,0
DA:26,0
DA:27,0
DA:28,0
DA:29,1
DA:30,1
DA:31,0
DA:32,0
DA:33,1
DA:34,1
DA:35,0
DA:36,0
DA:37,1
DA:38,1
DA:39,0
DA:40,0
DA:41,1
DA:42,1
DA:43,0
DA:44,0
DA:45,0
DA:46,0
DA:47,1
DA:48,1
DA:49,1
DA:50,1
DA:51,1
DA:52,1
DA:53,1
DA:54,1
DA:55,0
DA:56,0
DA:57,0
DA:58,2
DA:59,1
LF:59
LH:38
BRDA:10,0,0,2
BRDA:14,1,0,1
BRDA:18,2,0,0
BRDA:24,3,0,0
BRDA:30,4,0,0
BRDA:34,5,0,0
BRDA:38,6,0,0
BRDA:42,7,0,0
BRDA:54,8,0,0
BRF:9
BRH:2
end_of_record
TN:
SF:src\adapter\router.adapter.ts
FN:8,adapterRouter
FNF:1
FNH:1
FNDA:1,adapterRouter
DA:1,1
DA:2,1
DA:3,1
DA:4,1
DA:5,1
DA:6,1
DA:7,1
DA:8,1
DA:9,1
DA:10,1
DA:11,1
DA:12,1
DA:13,1
DA:14,1
DA:15,1
DA:16,1
DA:17,1
DA:18,1
DA:19,1
DA:20,1
DA:21,1
LF:21
LH:21
BRDA:8,0,0,1
BRDA:9,1,0,1
BRF:2
BRH:2
end_of_record
TN:
SF:src\helpers\bad-request.helper.ts
FN:3,badRequest
FNF:1
FNH:1
FNDA:1,badRequest
DA:1,1
DA:2,1
DA:3,1
DA:4,1
DA:5,1
DA:6,1
DA:7,1
DA:8,1
DA:9,1
DA:10,1
LF:10
LH:10
BRDA:3,0,0,1
BRF:1
BRH:1
end_of_record
TN:
SF:src\helpers\forbidden.helper.ts
FN:3,forbidden
FNF:1
FNH:0
FNDA:0,forbidden
DA:1,1
DA:2,1
DA:3,1
DA:4,0
DA:5,0
DA:6,0
DA:7,0
DA:8,0
DA:9,0
DA:10,0
LF:10
LH:3
BRF:0
BRH:0
end_of_record
TN:
SF:src\helpers\index.ts
FN:1,get
FN:2,get
FN:3,get
FN:4,get
FNF:4
FNH:2
FNDA:1,get
FNDA:1,get
FNDA:0,get
FNDA:0,get
DA:1,1
DA:2,1
DA:3,0
DA:4,0
LF:4
LH:2
BRDA:1,0,0,2
BRDA:1,1,0,0
BRDA:1,2,0,0
BRDA:1,3,0,0
BRDA:1,4,0,1
BRDA:2,5,0,2
BRDA:2,6,0,0
BRDA:2,7,0,0
BRDA:2,8,0,0
BRDA:2,9,0,1
BRDA:3,10,0,2
BRDA:3,11,0,0
BRDA:3,12,0,0
BRDA:3,13,0,0
BRDA:4,14,0,2
BRDA:4,15,0,0
BRDA:4,16,0,0
BRDA:4,17,0,0
BRF:18
BRH:6
end_of_record
TN:
SF:src\helpers\internal-error.helper.ts
FN:3,InternalError
FNF:1
FNH:0
FNDA:0,InternalError
DA:1,1
DA:2,1
DA:3,1
DA:4,0
DA:5,0
DA:6,0
DA:7,0
DA:8,0
DA:9,0
DA:10,0
DA:11,0
DA:12,0
LF:12
LH:3
BRF:0
BRH:0
end_of_record
TN:
SF:src\helpers\success.helper.ts
FN:10,success
FNF:1
FNH:1
FNDA:1,success
DA:1,1
DA:2,1
DA:3,1
DA:4,1
DA:5,1
DA:6,1
DA:7,1
DA:8,1
DA:9,1
DA:10,1
DA:11,1
DA:12,1
DA:13,1
DA:14,1
DA:15,1
DA:16,1
DA:17,1
DA:18,1
DA:19,1
DA:20,1
LF:20
LH:20
BRDA:10,0,0,1
BRF:1
BRH:1
end_of_record
TN:
SF:src\models\contrato.model.ts
FNF:0
FNH:0
DA:1,1
DA:2,1
DA:3,1
DA:4,1
DA:5,1
DA:6,1
DA:7,1
DA:8,1
DA:9,1
DA:10,1
DA:11,1
DA:12,1
DA:13,1
DA:14,1
DA:15,1
DA:16,1
DA:17,1
DA:18,1
DA:19,1
DA:20,1
DA:21,1
DA:22,1
DA:23,1
DA:24,1
DA:25,1
DA:26,1
DA:27,1
DA:28,1
DA:29,1
DA:30,1
DA:31,1
DA:32,1
DA:33,1
DA:34,1
DA:35,1
DA:36,1
DA:37,1
DA:38,1
DA:39,1
DA:40,1
DA:41,1
DA:42,1
DA:43,1
DA:44,1
DA:45,1
DA:46,1
DA:47,1
DA:48,1
DA:49,1
DA:50,1
DA:51,1
DA:52,1
DA:53,1
DA:54,1
DA:55,1
DA:56,1
DA:57,1
DA:58,1
DA:59,1
DA:60,1
DA:61,1
DA:62,1
DA:63,1
DA:64,1
DA:65,1
DA:66,1
DA:67,1
DA:68,1
DA:69,1
DA:70,1
DA:71,1
DA:72,1
LF:72
LH:72
BRF:0
BRH:0
end_of_record
TN:
SF:src\models\sequelize-helper.ts
FN:18,connect
FN:22,reset
FNF:2
FNH:1
FNDA:0,connect
FNDA:1,reset
DA:1,1
DA:2,1
DA:3,1
DA:4,1
DA:5,1
DA:6,1
DA:7,1
DA:8,1
DA:9,1
DA:10,1
DA:11,1
DA:12,1
DA:13,1
DA:14,1
DA:15,1
DA:16,1
DA:17,1
DA:18,1
DA:19,0
DA:20,1
DA:21,1
DA:22,1
DA:23,1
DA:24,1
DA:25,1
LF:25
LH:24
BRDA:22,0,0,1
BRF:1
BRH:1
end_of_record
